<!DOCTYPE html PUBLIC "-//W3C//DTD XHTML 1.1//EN" "https://www.w3.org/TR/xhtml11/DTD/xhtml11.dtd">
<html xmlns="https://www.w3.org/1999/xhtml">
<head>
<meta http-equiv="content-type" content="text/html; charset=UTF-8"/>
<title>TestNG Report</title>
<style type="text/css">table {margin-bottom:10px;border-collapse:collapse;empty-cells:show}th,td {border:1px solid #009;padding:.25em .5em}th {vertical-align:bottom}td {vertical-align:top}table a {font-weight:bold}.stripe td {background-color: #E6EBF9}.num {text-align:right}.passedodd td {background-color: #3F3}.passedeven td {background-color: #0A0}.skippedodd td {background-color: #DDD}.skippedeven td {background-color: #CCC}.failedodd td,.attn {background-color: #F33}.failedeven td,.stripe .attn {background-color: #D00}.stacktrace {white-space:pre;font-family:monospace}.totop {font-size:85%;text-align:center;border-bottom:2px solid #000}.invisible {display:none}</style>
</head>
<body>
<table>
<tr><th>Test</th><th># Passed</th><th># Skipped</th><th># Retried</th><th># Failed</th><th>Time (ms)</th><th>Included Groups</th><th>Excluded Groups</th></tr>
<tr><th colspan="8">Suite</th></tr>
<tr><td><a href="#t0">Test</a></td><td class="num">10</td><td class="num attn">2</td><td class="num">0</td><td class="num attn">1</td><td class="num">58,297</td><td></td><td></td></tr>
</table>
<table id='summary'><thead><tr><th>Class</th><th>Method</th><th>Start</th><th>Time (ms)</th></tr></thead><tbody><tr><th colspan="4">Suite</th></tr></tbody><tbody id="t0"><tr><th colspan="4">Test &#8212; failed</th></tr><tr class="failedeven"><td rowspan="1">tests.Search</td><td><a href="#m0">verifySearchWithExistingProduct</a></td><td rowspan="1">1730039055482</td><td rowspan="1">636</td></tr><tr><th colspan="4">Test &#8212; skipped</th></tr><tr class="skippedeven"><td rowspan="2">tests.Search</td><td><a href="#m1">verifySearchWithNonExistingProduct</a></td><td rowspan="1">1730039056430</td><td rowspan="1">0</td></tr><tr class="skippedeven"><td><a href="#m2">verifySearchWithoutEnteringAnyProduct</a></td><td rowspan="1">1730039059074</td><td rowspan="1">1</td></tr><tr><th colspan="4">Test &#8212; passed</th></tr><tr class="passedeven"><td rowspan="7">tests.Login</td><td><a href="#m3">verifyLoginUsingInvalidCredentials</a></td><td rowspan="1">1730039039834</td><td rowspan="1">902</td></tr><tr class="passedeven"><td><a href="#m4">verifyLoginUsingInvalidEmailAndValidPassword</a></td><td rowspan="1">1730039043921</td><td rowspan="1">799</td></tr><tr class="passedeven"><td><a href="#m5">verifyLoginUsingValidCredentials</a></td><td rowspan="3">1730039031161</td><td rowspan="3">1091</td></tr><tr class="passedeven"><td><a href="#m6">verifyLoginUsingValidCredentials</a></td></tr><tr class="passedeven"><td><a href="#m7">verifyLoginUsingValidCredentials</a></td></tr><tr class="passedeven"><td><a href="#m8">verifyLoginUsingValidEmailAndInvalidPassword</a></td><td rowspan="1">1730039047939</td><td rowspan="1">829</td></tr><tr class="passedeven"><td><a href="#m9">verifyLoginWithoutCredentials</a></td><td rowspan="1">1730039052119</td><td rowspan="1">608</td></tr><tr class="passedodd"><td rowspan="3">tests.Register</td><td><a href="#m10">verifyRegisterationBySayingYesToNewsletter</a></td><td rowspan="1">1730039019923</td><td rowspan="1">2358</td></tr><tr class="passedodd"><td><a href="#m11">verifyRegisteringAccountUsingAllFields</a></td><td rowspan="1">1730039014450</td><td rowspan="1">1923</td></tr><tr class="passedodd"><td><a href="#m12">verifyRegistingAccountUsingMandtoryFields</a></td><td rowspan="1">1730039008790</td><td rowspan="1">2042</td></tr></tbody>
</table>
<h2>Test</h2><h3 id="m0">tests.Search#verifySearchWithExistingProduct</h3><table class="result"><tr><th>Exception</th></tr><tr><td><div class="stacktrace">java.lang.AssertionError: expected [true] but found [false]
	at tests.Search.verifySearchWithExistingProduct(Search.java:38)
	at java.base/java.util.ArrayList.forEach(ArrayList.java:1596)
... Removed 29 stack frames</div></td></tr></table><p class="totop"><a href="#summary">back to summary</a></p>
<h3 id="m1">tests.Search#verifySearchWithNonExistingProduct</h3><table class="result"><tr><th>Exception</th></tr><tr><td><div class="stacktrace">java.lang.Throwable: Method tests.Search.verifySearchWithNonExistingProduct() on instance tests.Search@5890e879 depends on not successfully finished methods 
[tests.Search.verifySearchWithExistingProduct() on instance tests.Search@5890e879]
	at java.base/java.util.ArrayList.forEach(ArrayList.java:1596)
... Removed 18 stack frames</div></td></tr></table><p class="totop"><a href="#summary">back to summary</a></p>
<h3 id="m2">tests.Search#verifySearchWithoutEnteringAnyProduct</h3><table class="result"><tr><th>Exception</th></tr><tr><td><div class="stacktrace">org.testng.SkipException: Test got skipped as the value of i got 5
	at tests.Search.verifySearchWithoutEnteringAnyProduct(Search.java:61)
	at java.base/java.util.ArrayList.forEach(ArrayList.java:1596)
... Removed 25 stack frames</div></td></tr></table><p class="totop"><a href="#summary">back to summary</a></p>
<h3 id="m3">tests.Login#verifyLoginUsingInvalidCredentials</h3><table class="result"><tr><th class="invisible"/></tr></table><p class="totop"><a href="#summary">back to summary</a></p>
<h3 id="m4">tests.Login#verifyLoginUsingInvalidEmailAndValidPassword</h3><table class="result"><tr><th class="invisible"/></tr></table><p class="totop"><a href="#summary">back to summary</a></p>
<h3 id="m5">tests.Login#verifyLoginUsingValidCredentials</h3><table class="result"><tr class="param"><th>Parameter #1</th></tr><tr class="param stripe"><td>{Username=amotooribatch11@gmail.com, Password=fghij}</td></tr></table><p class="totop"><a href="#summary">back to summary</a></p>
<h3 id="m6">tests.Login#verifyLoginUsingValidCredentials</h3><table class="result"><tr class="param"><th>Parameter #1</th></tr><tr class="param stripe"><td>{Username=amotooribatch111@gmail.com, Password=klmno}</td></tr></table><p class="totop"><a href="#summary">back to summary</a></p>
<h3 id="m7">tests.Login#verifyLoginUsingValidCredentials</h3><table class="result"><tr class="param"><th>Parameter #1</th></tr><tr class="param stripe"><td>{Username=amotooribatch1@gmail.com, Password=abcde}</td></tr></table><p class="totop"><a href="#summary">back to summary</a></p>
<h3 id="m8">tests.Login#verifyLoginUsingValidEmailAndInvalidPassword</h3><table class="result"><tr><th class="invisible"/></tr></table><p class="totop"><a href="#summary">back to summary</a></p>
<h3 id="m9">tests.Login#verifyLoginWithoutCredentials</h3><table class="result"><tr><th class="invisible"/></tr></table><p class="totop"><a href="#summary">back to summary</a></p>
<h3 id="m10">tests.Register#verifyRegisterationBySayingYesToNewsletter</h3><table class="result"><tr><th class="invisible"/></tr></table><p class="totop"><a href="#summary">back to summary</a></p>
<h3 id="m11">tests.Register#verifyRegisteringAccountUsingAllFields</h3><table class="result"><tr><th class="invisible"/></tr></table><p class="totop"><a href="#summary">back to summary</a></p>
<h3 id="m12">tests.Register#verifyRegistingAccountUsingMandtoryFields</h3><table class="result"><tr><th class="invisible"/></tr></table><p class="totop"><a href="#summary">back to summary</a></p>
</body>
</html>
