<?xml version="1.0" encoding="UTF-8"?>
<testng-results ignored="0" total="13" passed="10" failed="1" skipped="2">
  <reporter-output>
  </reporter-output>
  <suite started-at="2024-10-27T19:53:20 IST" name="Suite" finished-at="2024-10-27T19:54:19 IST" duration-ms="58297">
    <groups>
    </groups>
    <test started-at="2024-10-27T19:53:20 IST" name="Test" finished-at="2024-10-27T19:54:19 IST" duration-ms="58297">
      <class name="tests.Login">
        <test-method is-config="true" signature="setup()[pri:0, instance:tests.Login@6e9a5ed8]" started-at="2024-10-27T19:53:43 IST" name="setup" finished-at="2024-10-27T19:53:46 IST" duration-ms="3086" status="PASS">
          <reporter-output>
          </reporter-output>
        </test-method> <!-- setup -->
        <test-method signature="verifyLoginUsingValidCredentials(java.util.HashMap)[pri:1, instance:tests.Login@6e9a5ed8]" started-at="2024-10-27T19:53:46 IST" name="verifyLoginUsingValidCredentials" data-provider="dataSupplier1" finished-at="2024-10-27T19:53:47 IST" duration-ms="1081" status="PASS">
          <params>
            <param index="0">
              <value>
                <![CDATA[{Username=amotooribatch1@gmail.com, Password=abcde}]]>
              </value>
            </param>
          </params>
          <reporter-output>
          </reporter-output>
        </test-method> <!-- verifyLoginUsingValidCredentials -->
        <test-method is-config="true" signature="teardown()[pri:0, instance:tests.Login@6e9a5ed8]" started-at="2024-10-27T19:53:47 IST" name="teardown" finished-at="2024-10-27T19:53:48 IST" duration-ms="185" status="PASS">
          <reporter-output>
          </reporter-output>
        </test-method> <!-- teardown -->
        <test-method is-config="true" signature="setup()[pri:0, instance:tests.Login@6e9a5ed8]" started-at="2024-10-27T19:53:48 IST" name="setup" finished-at="2024-10-27T19:53:51 IST" duration-ms="3003" status="PASS">
          <reporter-output>
          </reporter-output>
        </test-method> <!-- setup -->
        <test-method signature="verifyLoginUsingValidCredentials(java.util.HashMap)[pri:1, instance:tests.Login@6e9a5ed8]" started-at="2024-10-27T19:53:51 IST" name="verifyLoginUsingValidCredentials" data-provider="dataSupplier1" finished-at="2024-10-27T19:53:52 IST" duration-ms="1091" status="PASS">
          <params>
            <param index="0">
              <value>
                <![CDATA[{Username=amotooribatch11@gmail.com, Password=fghij}]]>
              </value>
            </param>
          </params>
          <reporter-output>
          </reporter-output>
        </test-method> <!-- verifyLoginUsingValidCredentials -->
        <test-method is-config="true" signature="teardown()[pri:0, instance:tests.Login@6e9a5ed8]" started-at="2024-10-27T19:53:52 IST" name="teardown" finished-at="2024-10-27T19:53:52 IST" duration-ms="191" status="PASS">
          <reporter-output>
          </reporter-output>
        </test-method> <!-- teardown -->
        <test-method is-config="true" signature="setup()[pri:0, instance:tests.Login@6e9a5ed8]" started-at="2024-10-27T19:53:52 IST" name="setup" finished-at="2024-10-27T19:53:55 IST" duration-ms="3116" status="PASS">
          <reporter-output>
          </reporter-output>
        </test-method> <!-- setup -->
        <test-method signature="verifyLoginUsingValidCredentials(java.util.HashMap)[pri:1, instance:tests.Login@6e9a5ed8]" started-at="2024-10-27T19:53:55 IST" name="verifyLoginUsingValidCredentials" data-provider="dataSupplier1" finished-at="2024-10-27T19:53:56 IST" duration-ms="1056" status="PASS">
          <params>
            <param index="0">
              <value>
                <![CDATA[{Username=amotooribatch111@gmail.com, Password=klmno}]]>
              </value>
            </param>
          </params>
          <reporter-output>
          </reporter-output>
        </test-method> <!-- verifyLoginUsingValidCredentials -->
        <test-method is-config="true" signature="teardown()[pri:0, instance:tests.Login@6e9a5ed8]" started-at="2024-10-27T19:53:56 IST" name="teardown" finished-at="2024-10-27T19:53:56 IST" duration-ms="179" status="PASS">
          <reporter-output>
          </reporter-output>
        </test-method> <!-- teardown -->
        <test-method is-config="true" signature="setup()[pri:0, instance:tests.Login@6e9a5ed8]" started-at="2024-10-27T19:53:56 IST" name="setup" finished-at="2024-10-27T19:53:59 IST" duration-ms="3032" status="PASS">
          <reporter-output>
          </reporter-output>
        </test-method> <!-- setup -->
        <test-method signature="verifyLoginUsingInvalidCredentials()[pri:2, instance:tests.Login@6e9a5ed8]" started-at="2024-10-27T19:53:59 IST" name="verifyLoginUsingInvalidCredentials" finished-at="2024-10-27T19:54:00 IST" duration-ms="902" status="PASS">
          <reporter-output>
          </reporter-output>
        </test-method> <!-- verifyLoginUsingInvalidCredentials -->
        <test-method is-config="true" signature="teardown()[pri:0, instance:tests.Login@6e9a5ed8]" started-at="2024-10-27T19:54:00 IST" name="teardown" finished-at="2024-10-27T19:54:00 IST" duration-ms="159" status="PASS">
          <reporter-output>
          </reporter-output>
        </test-method> <!-- teardown -->
        <test-method is-config="true" signature="setup()[pri:0, instance:tests.Login@6e9a5ed8]" started-at="2024-10-27T19:54:00 IST" name="setup" finished-at="2024-10-27T19:54:03 IST" duration-ms="3024" status="PASS">
          <reporter-output>
          </reporter-output>
        </test-method> <!-- setup -->
        <test-method signature="verifyLoginUsingInvalidEmailAndValidPassword()[pri:3, instance:tests.Login@6e9a5ed8]" started-at="2024-10-27T19:54:03 IST" name="verifyLoginUsingInvalidEmailAndValidPassword" finished-at="2024-10-27T19:54:04 IST" duration-ms="799" status="PASS">
          <reporter-output>
          </reporter-output>
        </test-method> <!-- verifyLoginUsingInvalidEmailAndValidPassword -->
        <test-method is-config="true" signature="teardown()[pri:0, instance:tests.Login@6e9a5ed8]" started-at="2024-10-27T19:54:04 IST" name="teardown" finished-at="2024-10-27T19:54:04 IST" duration-ms="143" status="PASS">
          <reporter-output>
          </reporter-output>
        </test-method> <!-- teardown -->
        <test-method is-config="true" signature="setup()[pri:0, instance:tests.Login@6e9a5ed8]" started-at="2024-10-27T19:54:04 IST" name="setup" finished-at="2024-10-27T19:54:07 IST" duration-ms="3075" status="PASS">
          <reporter-output>
          </reporter-output>
        </test-method> <!-- setup -->
        <test-method signature="verifyLoginUsingValidEmailAndInvalidPassword()[pri:4, instance:tests.Login@6e9a5ed8]" started-at="2024-10-27T19:54:07 IST" name="verifyLoginUsingValidEmailAndInvalidPassword" finished-at="2024-10-27T19:54:08 IST" duration-ms="829" status="PASS">
          <reporter-output>
          </reporter-output>
        </test-method> <!-- verifyLoginUsingValidEmailAndInvalidPassword -->
        <test-method is-config="true" signature="teardown()[pri:0, instance:tests.Login@6e9a5ed8]" started-at="2024-10-27T19:54:08 IST" name="teardown" finished-at="2024-10-27T19:54:08 IST" duration-ms="172" status="PASS">
          <reporter-output>
          </reporter-output>
        </test-method> <!-- teardown -->
        <test-method is-config="true" signature="setup()[pri:0, instance:tests.Login@6e9a5ed8]" started-at="2024-10-27T19:54:08 IST" name="setup" finished-at="2024-10-27T19:54:12 IST" duration-ms="3178" status="PASS">
          <reporter-output>
          </reporter-output>
        </test-method> <!-- setup -->
        <test-method signature="verifyLoginWithoutCredentials()[pri:5, instance:tests.Login@6e9a5ed8]" started-at="2024-10-27T19:54:12 IST" name="verifyLoginWithoutCredentials" finished-at="2024-10-27T19:54:12 IST" duration-ms="608" status="PASS">
          <reporter-output>
          </reporter-output>
        </test-method> <!-- verifyLoginWithoutCredentials -->
        <test-method is-config="true" signature="teardown()[pri:0, instance:tests.Login@6e9a5ed8]" started-at="2024-10-27T19:54:12 IST" name="teardown" finished-at="2024-10-27T19:54:12 IST" duration-ms="171" status="PASS">
          <reporter-output>
          </reporter-output>
        </test-method> <!-- teardown -->
      </class> <!-- tests.Login -->
      <class name="tests.Search">
        <test-method is-config="true" signature="setup()[pri:0, instance:tests.Search@5890e879]" started-at="2024-10-27T19:54:12 IST" name="setup" finished-at="2024-10-27T19:54:15 IST" duration-ms="2582" status="PASS">
          <reporter-output>
          </reporter-output>
        </test-method> <!-- setup -->
        <test-method signature="verifySearchWithExistingProduct()[pri:1, instance:tests.Search@5890e879]" started-at="2024-10-27T19:54:15 IST" name="verifySearchWithExistingProduct" finished-at="2024-10-27T19:54:16 IST" duration-ms="636" status="FAIL">
          <exception class="java.lang.AssertionError">
            <message>
              <![CDATA[expected [true] but found [false]]]>
            </message>
            <full-stacktrace>
              <![CDATA[java.lang.AssertionError: expected [true] but found [false]
at org.testng.Assert.fail(Assert.java:111)
at org.testng.Assert.failNotEquals(Assert.java:1578)
at org.testng.Assert.assertTrue(Assert.java:57)
at org.testng.Assert.assertTrue(Assert.java:67)
at tests.Search.verifySearchWithExistingProduct(Search.java:38)
at java.base/jdk.internal.reflect.DirectMethodHandleAccessor.invoke(DirectMethodHandleAccessor.java:103)
at java.base/java.lang.reflect.Method.invoke(Method.java:580)
at org.testng.internal.invokers.MethodInvocationHelper.invokeMethod(MethodInvocationHelper.java:141)
at org.testng.internal.invokers.TestInvoker.invokeMethod(TestInvoker.java:686)
at org.testng.internal.invokers.TestInvoker.invokeTestMethod(TestInvoker.java:230)
at org.testng.internal.invokers.MethodRunner.runInSequence(MethodRunner.java:63)
at org.testng.internal.invokers.TestInvoker$MethodInvocationAgent.invoke(TestInvoker.java:992)
at org.testng.internal.invokers.TestInvoker.invokeTestMethods(TestInvoker.java:203)
at org.testng.internal.invokers.TestMethodWorker.invokeTestMethods(TestMethodWorker.java:154)
at org.testng.internal.invokers.TestMethodWorker.run(TestMethodWorker.java:134)
at java.base/java.util.ArrayList.forEach(ArrayList.java:1596)
at org.testng.TestRunner.privateRun(TestRunner.java:739)
at org.testng.TestRunner.run(TestRunner.java:614)
at org.testng.SuiteRunner.runTest(SuiteRunner.java:421)
at org.testng.SuiteRunner.runSequentially(SuiteRunner.java:413)
at org.testng.SuiteRunner.privateRun(SuiteRunner.java:373)
at org.testng.SuiteRunner.run(SuiteRunner.java:312)
at org.testng.SuiteRunnerWorker.runSuite(SuiteRunnerWorker.java:52)
at org.testng.SuiteRunnerWorker.run(SuiteRunnerWorker.java:95)
at org.testng.TestNG.runSuitesSequentially(TestNG.java:1274)
at org.testng.TestNG.runSuitesLocally(TestNG.java:1208)
at org.testng.TestNG.runSuites(TestNG.java:1112)
at org.testng.TestNG.run(TestNG.java:1079)
at org.testng.remote.AbstractRemoteTestNG.run(AbstractRemoteTestNG.java:115)
at org.testng.remote.RemoteTestNG.initAndRun(RemoteTestNG.java:293)
at org.testng.remote.RemoteTestNG.main(RemoteTestNG.java:91)
]]>
            </full-stacktrace>
          </exception> <!-- java.lang.AssertionError -->
          <reporter-output>
          </reporter-output>
        </test-method> <!-- verifySearchWithExistingProduct -->
        <test-method is-config="true" signature="teardown()[pri:0, instance:tests.Search@5890e879]" started-at="2024-10-27T19:54:16 IST" name="teardown" finished-at="2024-10-27T19:54:16 IST" duration-ms="165" status="PASS">
          <reporter-output>
          </reporter-output>
        </test-method> <!-- teardown -->
        <test-method signature="verifySearchWithNonExistingProduct()[pri:2, instance:tests.Search@5890e879]" started-at="2024-10-27T19:54:16 IST" name="verifySearchWithNonExistingProduct" finished-at="2024-10-27T19:54:16 IST" depends-on-methods="tests.Search.verifySearchWithExistingProduct" duration-ms="0" status="SKIP">
          <exception class="java.lang.Throwable">
            <message>
              <![CDATA[Method tests.Search.verifySearchWithNonExistingProduct() on instance tests.Search@5890e879 depends on not successfully finished methods 
[tests.Search.verifySearchWithExistingProduct() on instance tests.Search@5890e879]]]>
            </message>
            <full-stacktrace>
              <![CDATA[java.lang.Throwable: Method tests.Search.verifySearchWithNonExistingProduct() on instance tests.Search@5890e879 depends on not successfully finished methods 
[tests.Search.verifySearchWithExistingProduct() on instance tests.Search@5890e879]
at org.testng.internal.invokers.TestInvoker.invokeTestMethods(TestInvoker.java:159)
at org.testng.internal.invokers.TestMethodWorker.invokeTestMethods(TestMethodWorker.java:154)
at org.testng.internal.invokers.TestMethodWorker.run(TestMethodWorker.java:134)
at java.base/java.util.ArrayList.forEach(ArrayList.java:1596)
at org.testng.TestRunner.privateRun(TestRunner.java:739)
at org.testng.TestRunner.run(TestRunner.java:614)
at org.testng.SuiteRunner.runTest(SuiteRunner.java:421)
at org.testng.SuiteRunner.runSequentially(SuiteRunner.java:413)
at org.testng.SuiteRunner.privateRun(SuiteRunner.java:373)
at org.testng.SuiteRunner.run(SuiteRunner.java:312)
at org.testng.SuiteRunnerWorker.runSuite(SuiteRunnerWorker.java:52)
at org.testng.SuiteRunnerWorker.run(SuiteRunnerWorker.java:95)
at org.testng.TestNG.runSuitesSequentially(TestNG.java:1274)
at org.testng.TestNG.runSuitesLocally(TestNG.java:1208)
at org.testng.TestNG.runSuites(TestNG.java:1112)
at org.testng.TestNG.run(TestNG.java:1079)
at org.testng.remote.AbstractRemoteTestNG.run(AbstractRemoteTestNG.java:115)
at org.testng.remote.RemoteTestNG.initAndRun(RemoteTestNG.java:293)
at org.testng.remote.RemoteTestNG.main(RemoteTestNG.java:91)
]]>
            </full-stacktrace>
          </exception> <!-- java.lang.Throwable -->
          <reporter-output>
          </reporter-output>
        </test-method> <!-- verifySearchWithNonExistingProduct -->
        <test-method is-config="true" signature="setup()[pri:0, instance:tests.Search@5890e879]" started-at="2024-10-27T19:54:16 IST" name="setup" finished-at="2024-10-27T19:54:19 IST" duration-ms="2642" status="PASS">
          <reporter-output>
          </reporter-output>
        </test-method> <!-- setup -->
        <test-method signature="verifySearchWithoutEnteringAnyProduct()[pri:3, instance:tests.Search@5890e879]" started-at="2024-10-27T19:54:19 IST" name="verifySearchWithoutEnteringAnyProduct" finished-at="2024-10-27T19:54:19 IST" duration-ms="1" status="SKIP">
          <exception class="org.testng.SkipException">
            <message>
              <![CDATA[Test got skipped as the value of i got 5]]>
            </message>
            <full-stacktrace>
              <![CDATA[org.testng.SkipException: Test got skipped as the value of i got 5
at tests.Search.verifySearchWithoutEnteringAnyProduct(Search.java:61)
at java.base/jdk.internal.reflect.DirectMethodHandleAccessor.invoke(DirectMethodHandleAccessor.java:103)
at java.base/java.lang.reflect.Method.invoke(Method.java:580)
at org.testng.internal.invokers.MethodInvocationHelper.invokeMethod(MethodInvocationHelper.java:141)
at org.testng.internal.invokers.TestInvoker.invokeMethod(TestInvoker.java:686)
at org.testng.internal.invokers.TestInvoker.invokeTestMethod(TestInvoker.java:230)
at org.testng.internal.invokers.MethodRunner.runInSequence(MethodRunner.java:63)
at org.testng.internal.invokers.TestInvoker$MethodInvocationAgent.invoke(TestInvoker.java:992)
at org.testng.internal.invokers.TestInvoker.invokeTestMethods(TestInvoker.java:203)
at org.testng.internal.invokers.TestMethodWorker.invokeTestMethods(TestMethodWorker.java:154)
at org.testng.internal.invokers.TestMethodWorker.run(TestMethodWorker.java:134)
at java.base/java.util.ArrayList.forEach(ArrayList.java:1596)
at org.testng.TestRunner.privateRun(TestRunner.java:739)
at org.testng.TestRunner.run(TestRunner.java:614)
at org.testng.SuiteRunner.runTest(SuiteRunner.java:421)
at org.testng.SuiteRunner.runSequentially(SuiteRunner.java:413)
at org.testng.SuiteRunner.privateRun(SuiteRunner.java:373)
at org.testng.SuiteRunner.run(SuiteRunner.java:312)
at org.testng.SuiteRunnerWorker.runSuite(SuiteRunnerWorker.java:52)
at org.testng.SuiteRunnerWorker.run(SuiteRunnerWorker.java:95)
at org.testng.TestNG.runSuitesSequentially(TestNG.java:1274)
at org.testng.TestNG.runSuitesLocally(TestNG.java:1208)
at org.testng.TestNG.runSuites(TestNG.java:1112)
at org.testng.TestNG.run(TestNG.java:1079)
at org.testng.remote.AbstractRemoteTestNG.run(AbstractRemoteTestNG.java:115)
at org.testng.remote.RemoteTestNG.initAndRun(RemoteTestNG.java:293)
at org.testng.remote.RemoteTestNG.main(RemoteTestNG.java:91)
]]>
            </full-stacktrace>
          </exception> <!-- org.testng.SkipException -->
          <reporter-output>
          </reporter-output>
        </test-method> <!-- verifySearchWithoutEnteringAnyProduct -->
        <test-method is-config="true" signature="teardown()[pri:0, instance:tests.Search@5890e879]" started-at="2024-10-27T19:54:19 IST" name="teardown" finished-at="2024-10-27T19:54:19 IST" duration-ms="183" status="PASS">
          <reporter-output>
          </reporter-output>
        </test-method> <!-- teardown -->
      </class> <!-- tests.Search -->
      <class name="tests.Register">
        <test-method is-config="true" signature="setup()[pri:0, instance:tests.Register@7ef82753]" started-at="2024-10-27T19:53:21 IST" name="setup" finished-at="2024-10-27T19:53:28 IST" duration-ms="7509" status="PASS">
          <reporter-output>
          </reporter-output>
        </test-method> <!-- setup -->
        <test-method signature="verifyRegistingAccountUsingMandtoryFields()[pri:1, instance:tests.Register@7ef82753]" started-at="2024-10-27T19:53:28 IST" name="verifyRegistingAccountUsingMandtoryFields" finished-at="2024-10-27T19:53:30 IST" duration-ms="2042" status="PASS">
          <reporter-output>
          </reporter-output>
        </test-method> <!-- verifyRegistingAccountUsingMandtoryFields -->
        <test-method is-config="true" signature="teardown()[pri:0, instance:tests.Register@7ef82753]" started-at="2024-10-27T19:53:30 IST" name="teardown" finished-at="2024-10-27T19:53:31 IST" duration-ms="181" status="PASS">
          <reporter-output>
          </reporter-output>
        </test-method> <!-- teardown -->
        <test-method is-config="true" signature="setup()[pri:0, instance:tests.Register@7ef82753]" started-at="2024-10-27T19:53:31 IST" name="setup" finished-at="2024-10-27T19:53:34 IST" duration-ms="3426" status="PASS">
          <reporter-output>
          </reporter-output>
        </test-method> <!-- setup -->
        <test-method signature="verifyRegisteringAccountUsingAllFields()[pri:2, instance:tests.Register@7ef82753]" started-at="2024-10-27T19:53:34 IST" name="verifyRegisteringAccountUsingAllFields" finished-at="2024-10-27T19:53:36 IST" duration-ms="1923" status="PASS">
          <reporter-output>
          </reporter-output>
        </test-method> <!-- verifyRegisteringAccountUsingAllFields -->
        <test-method is-config="true" signature="teardown()[pri:0, instance:tests.Register@7ef82753]" started-at="2024-10-27T19:53:36 IST" name="teardown" finished-at="2024-10-27T19:53:36 IST" duration-ms="175" status="PASS">
          <reporter-output>
          </reporter-output>
        </test-method> <!-- teardown -->
        <test-method is-config="true" signature="setup()[pri:0, instance:tests.Register@7ef82753]" started-at="2024-10-27T19:53:36 IST" name="setup" finished-at="2024-10-27T19:53:39 IST" duration-ms="3373" status="PASS">
          <reporter-output>
          </reporter-output>
        </test-method> <!-- setup -->
        <test-method signature="verifyRegisterationBySayingYesToNewsletter()[pri:3, instance:tests.Register@7ef82753]" started-at="2024-10-27T19:53:39 IST" name="verifyRegisterationBySayingYesToNewsletter" finished-at="2024-10-27T19:53:42 IST" duration-ms="2358" status="PASS">
          <reporter-output>
          </reporter-output>
        </test-method> <!-- verifyRegisterationBySayingYesToNewsletter -->
        <test-method is-config="true" signature="teardown()[pri:0, instance:tests.Register@7ef82753]" started-at="2024-10-27T19:53:42 IST" name="teardown" finished-at="2024-10-27T19:53:42 IST" duration-ms="163" status="PASS">
          <reporter-output>
          </reporter-output>
        </test-method> <!-- teardown -->
      </class> <!-- tests.Register -->
    </test> <!-- Test -->
  </suite> <!-- Suite -->
</testng-results>
